   20  git remote add origin https://github.com/GGGGMMMM/a3.git
   21  git push -u origin main
   22  ls
   23  head -3 amazon_reviews_us_Books_v1_02.tsv 
   24  cd CUSTOMERS
   25  ls
   26  cat amazon_reviews_us_Books_v1_02.tsv|cut -f 2|sort|uniq -c|sort -n|tail -n 3
   27  cd ~
   28  cat amazon_reviews_us_Books_v1_02.tsv|cut -f 2|sort|uniq -c|sort -n|tail -n 3
   29  cat amazon_reviews_us_Books_v1_02.tsv|cut -f 2|sort|uniq -c|sort -n|wc -l
   30  cat amazon_reviews_us_Books_v1_02.tsv|cut -f 2,13|sort|uniq -c|sort -n|head -1
   31  grep 12065385 amazon_reviews_us_Books_v1_02.tsv
   32  cat amazon_reviews_us_Books_v1_02.tsv|cut -f 2,14|sort|uniq -c|sort -n|head -1
   33  cat amazon_reviews_us_Books_v1_02.tsv|cut -f 2,14|sort|uniq -c|sort -n|tail  -1000 > test.txt
   34  cat test.txt|tail -1
   35  cat test.txt
   36  cat amazon_reviews_us_Books_v1_02.tsv|cut -f 2|sort|uniq -c|sort -n|tail  -1000 > test.txt
   37  ls
   38  cat test.txt
   39  ls
   40  cat amazon_reviews_us_Books_v1_02.tsv |cut -f 2|uniq -c|sort -nr -k
   41  cat amazon_reviews_us_Books_v1_02.tsv |cut -f 2|uniq -c|sort -nr -k1
   42  cat amazon_reviews_us_Books_v1_02.tsv |cut -f 2|uniq -c|sort -r|head -10
   43  head -3 amazon_reviews_us_Books_v1_02.tsv
   44  cat amazon_reviews_us_Books_v1_02.tsv |cut -f 2|sort|uniq -c|sort -r|head -10
   45  cat amazon_reviews_us_Books_v1_02.tsv |cut -f 2|sort|uniq -c|sort -nr|head -10
   46  ls
   47  cd CUSTOMERS
   48  touch custid.txt
   49  ls
   50  cd ~
   51  cat amazon_reviews_us_Books_v1_02.tsv |cut -f 2|sort|uniq -c|sort -nr|cut -f 2|head -10
   52  cat amazon_reviews_us_Books_v1_02.tsv |cut -f 2|sort|uniq -c|sort -nr|awk '{print $2}'|head -10
   53  cat amazon_reviews_us_Books_v1_02.tsv |cut -f 2|sort|uniq -c|sort -nr|awk '{print $2}'|awk -f|head -10
   54  cat amazon_reviews_us_Books_v1_02.tsv |cut -f 2|sort|uniq -c|sort -nr|awk '{print $2}'|awk '{print NR,$0}'|head -10
   55  head -1 amazon_reviews_us_Books_v1_02.tsv
   56  for i in{ 1..1000};
   57  for i in { 1..1000}; do  cat amazon_reviews_us_Books_v1_02.tsv |cut -f 2|sort|uniq -c|sort -nr|awk'{print $2}' > customerID.txt
   58  awk 'FNR==NR{a[$1]=$2;next} ($1 in a){print $14,a[$1]}' customerID.txt amazon_reviews_us_Books_v1_02.tsv|tail -1
   59  ls
   60  awk 'FNR==NR{a[$1]=$2;next} ($1 in a){print $14,a[$1]}' CUSTOMERS/customerID.txt amazon_reviews_us_Books_v1_02.tsv|tail -1
   61  awk 'FNR==NR{a[$1]=$2;next} ($1 in a){print $1,a[$1]}' CUSTOMERS/customerID.txt amazon_reviews_us_Books_v1_02.tsv|tail -1
   62  awk 'FNR==NR{a[$2]=$2;next} ($1 in a){print $1,a[$1]}' CUSTOMERS/customerID.txt amazon_reviews_us_Books_v1_02.tsv|tail -1
   63  awk 'FNR==NR{a[$2]=$2;a[$2]=$1;next} ($1 in a){print $1,a[$1]}' CUSTOMERS/customerID.txt amazon_reviews_us_Books_v1_02.tsv|tail -1
   64  awk 'FNR==NR{a[$2]=$2;a[$2]=$1;next} ($2 in a){print $2,a[$2]}' CUSTOMERS/customerID.txt amazon_reviews_us_Books_v1_02.tsv|tail -1
   65  cat CUSTOMERS/customerID.txt|awk'{print $2}'
   66  cat CUSTOMERS/customerID.txt|cut -f 2
   67  cat CUSTOMERS/customerID.txt
   68  cat amazon_reviews_us_Books_v1_02.tsv |cut -f 2|sort|uniq -c|sort -nr|awk '{print $2}'>CUSTOMERS/customerID.txt
   69  cat CUSTOMERS/customerID.txt|head -10
   70  or i in $(cat CUSTOMERS/customerID.txt);  
   71  do 
   72  grep $i amazon_reviews_us_Books_v1_02.tsv|cut -f 14; 
   73  for i in $(cat CUSTOMERS/customerID.txt);   do  grep $i amazon_reviews_us_Books_v1_02.tsv|cut -f 14;  done  > CUSTOMERS/custid.txt
   74  ls
   75  cd CUSTOMERS 
   76  ls
   77  cat customerID.txt
   78  cat custid.txt 
   79  cat test.txt
   80  cd~
   81  cat test.txt
   82  cd ~
   83  cat test.txt
   84  ls
   85  awk 'FNR==NR{a[$2]=$2;next} ($1 in a){print $1,a[$1]}' CUSTOMERS/customerID.txt amazon_reviews_us_Books_v1_02.tsv|tail -1cat amazon_reviews_us_Books_v1_02.tsv |cut -f 2|sort|uniq -c|sort -nr|awk '{print $2}'|head -10
   86  cat amazon_reviews_us_Books_v1_02.tsv |cut -f 2|sort|uniq -c|sort -nr|awk '{print $2}'|head -10
   87  cat amazon_reviews_us_Books_v1_02.tsv |cut -f 2|sort|uniq -c|sort -nr|awk '{print $2}' > test1.txt
   88  cat test1.txt|head -2
   89  for i in $(cat test1.txt); echo $i
   90  for i in $(cat test1.txt);  do echo $i; done
   91  cat amazon_reviews_us_Books_v1_02.tsv |cut -f 2
   92  cat amazon_reviews_us_Books_v1_02.tsv |cut -f 2|head -10
   93  cat amazon_reviews_us_Books_v1_02.tsv |cut -f 14|head -10
   94  for i in $(cat test1.txt);   do  echo grep $i amazon_reviews_us_Books_v1_02.tsv|cut -f 14;  done       
   95  for i in $(cat test1.txt);   do  grep $i amazon_reviews_us_Books_v1_02.tsv|cut -f 14;  done      
   96  cat amazon_reviews_us_Books_v1_02.tsv |cut -f 14|head -10
   97  ls
   98  script ws5.txt
   99  cd CUSTOMERS
  100  ls
  101  cd ~
  102  cat amazon_reviews_us_Books_v1_02.tsv |cut -f 2|sort|uniq -c|sort -nr|awk '{print $2}'>CUSTOMERS/customerID.txt
  103  script ws5.txt
  104  cat amazon_reviews_us_Books_v1_02.tsv |cut -f 2|sort|uniq -c|sort -nr|awk '{print $2}'>CUSTOMERS/customerID.txt
  105  for i in $(cat CUSTOMERS/customerID.txt);   do  grep $i amazon_reviews_us_Books_v1_02.tsv|cut -f 14;  done  > CUSTOMERS/custid.txt
  106  cat ws5.txt
  107  ls
  108  cat ws5.txt
  109  rm ws5.txt
  110  script ws5.txt
  111  for i in $(cat test1.txt);  do echo $i; done > t.txt
  112  cat t.txt
  113  for i in $(cat CUSTOMERS/customerID.txt);   do  grep $i amazon_reviews_us_Books_v1_02.tsv|cut -f 14;  done  
  114  for i in $(cat CUSTOMERS/customerID.txt);   do  grep $i amazon_reviews_us_Books_v1_02.tsv|cut -f 14;  done  > CUSTOMERS/custid.txt
  115  cat CUSTOMERS/custid.txt|wc -l
  116  vi ws5.txt
  117  cat ws5.tx
  118  cat ws5.txt
  119  git init
  120  git add ws5.txt
  121  git commit -m "first commit"
  122  git branch -M main
  123  git remote add origin https://github.com/GGGGMMMM/ws5.git
  124  git remove remote origin
  125  git remote remove origin
  126  git branch -M main
  127  git remote add origin https://github.com/GGGGMMMM/ws5.git
  128  git push -u origin main
  129  history> cmds.log
  130  git branch -M main
  131  git remote add origin https://github.com/GGGGMMMM/ws5.git
  132  git push -u origin main
  133  git add cmds.log
  134  git commit -m "first commi"
  135  git branch -M main
  136  git remote add origin https://github.com/GGGGMMMM/ws5.git
  137  git branch -M main
  138  git push -u origin main
  139  echo Current date and time is `date`
  140  pwd
  141  ls
  142  work.sh
  143  crontab -l
  144  crontab -e
  145  crontab -l
  146  crontab -e
  147  crontab -l
  148  crontab -e
  149  cat PRODUCTS/productID.AVGRATING.txt
  150  cd PRODUCTS
  151  ls
  152  cat productID.AVGRATING.txt
  153  crontab -e
  154  cat PRODUCTS/productID.DATETIME.txt|awk '{sum+=$1} END {print "Average = ", sum/NR}' >PRODUCTS/productID.AVGRATING.txt
  155  cd PRODUCTS
  156  cat productID.DATETIME.txt|awk '{sum+=$1} END {print "Average = ", sum/NR}'
  157  cat productID.DATETIME.txt
  158  crontab -e
  159  ls
  160  rm productID.DATETIME.txt
  161  ls
  162  cp PRODUCTS/productID.txt  PRODUCTS/productID.DATETIME.txt 
  163  cd ~
  164  cp PRODUCTS/productID.txt  PRODUCTS/productID.DATETIME.txt 
  165  sed -i -e '$a3' PRODUCTS/productID.DATETIME.txt
  166  cat PRODUCTS/productID.DATETIME.txt
  167  cd PRODUCTS
  168  ls
  169  cd ~
  170  crontab -e
  171  cd PRODUCTS
  172  ls
  173  cat productID.AVGRATING.txt
  174  cat ws6.txt
  175  ls
  176  cat ws6.txt
  177  cd PRODUCTS
  178  ls
  179  cat productID.txt
  180  cd ~
  181  ls
  182  head amazon_reviews_us_Books_v1_02.tsv
  183  head -1 amazon_reviews_us_Books_v1_02.tsv
  184  head -2 amazon_reviews_us_Books_v1_02.tsv
  185  cat amazon_reviews_us_Books_v1_02.tsv|grep 0385730586
  186  cat amazon_reviews_us_Books_v1_02.tsv|grep 0385730586|cut -f 14
  187  cd PRODUCTS
  188  touch productID.DATETIME.txt
  189  ls
  190  cd ~
  191  cp PRODUCTS/productID.txt  PRODUCTS/productID.DATETIME.txt 
  192  cat PRODUCTS/productID.DATETIME.txt 
  193  cd PRODUCTS
  194  sed -i -e '$a3' productID.DATETIME.txt 
  195  cat productID.DATETIME.txt 
  196  sed '$d'  productID.DATETIME.txt
  197  crontab -l
  198  cd ~
  199  crontab -l
  200  crontab -e
  201  script ws6.txt
  202  cp PRODUCTS/productID.txt  PRODUCTS/productID.DATETIME.txt
  203  cat PRODUCTS/productID.DATETIME.txt
  204  sed -i -e '$a3' PRODUCTS/productID.DATETIME.txt
  205  cat PRODUCTS/productID.DATETIME.txt
  206  ln -s PRODUCTS/productID.DATETIME.txt PRODUCTS/productID.LATEST.txt
  207  cat PRODUCTS/productID.LATEST.txt
  208  cd PRODUCTS
  209  ls
  210  cd ~
  211  crontab -l
  212  crontab -u guoman -l
  213  ctontab -e
  214  crontab -e
  215  crontab -l
  216  grep -i cron /var/log/syslog 
  217  export EDITOR=vim
  218  crontab -e
  219  crontab -l
  220  crontab -u guoman -e
  221  crontab -l
  222  grep crontab /var/spool/cron/crontabs
  223  sudo crontab -l
  224  crontab -l -u guoman
  225  crontab -e
  226  cd /tmp/crontab
  227  pwd
  228  cd ~/bin
  229  cd /bin/bash
  230  /bin/bash
  231  vi ws6.txt
  232  crontab -l
  233  cat ws5.txt
  234  vi ws6.txt
  235  cat ws6.txt
  236  vi ws6.txt
  237  history > cmds.log
  238  git init
  239  git add ws6.txt
  240  git add cmds.log
  241  git commit -m "first commit"
  242  git branch -M main
  243  git remote add origin https://github.com/GGGGMMMM/ws6.git
  244  git remote remove origin
  245  git remote add origin https://github.com/GGGGMMMM/ws6.git
  246  git push -u origin main
  247  ls
  248  cd  PRODUCTS
  249  ls
  250  cd  productID.LATEST.txt
  251  pwd
  252  mkdir ~/A4/
  253  cd  ~/A4/
  254  cd  ~/A3/
  255  ls
  256  pwd
  257  cd  ~/A4/
  258  ls
  259  cp /home/guoman/A3/downloaded_tweets_extend_nolf2.tsv ~/A4/
  260  ls
  261  cp /home/guoman/A3/downloaded_tweets_extend_original_nolf2.tsv ~/A4/
  262  ls
  263  rm downloaded_tweets_extend_nolf2.ts
  264  rm downloaded_tweets_extend_nolf2.tsv
  265  rm downloaded_tweets_extend_original_nolf2.tsv
  266  ls
  267  cp /home/test/A1/downloaded_tweets_extend_original_nolf2.tsv
  268  cp /home/test/A1/downloaded_tweets_extend_original_nolf2.tsv ~/A4/
  269  cp /home/test/A1/downloaded_tweets_extend_nolf2.tsv ~/A4/
  270  ls
  271  head -10  downloaded_tweets_extend_original_nolf2.tsv
  272  grep retweets  downloaded_tweets_extend_original_nolf2.tsv|head -1
  273  tail -10 downloaded_tweets_extend_original_nolf2.tsv
  274  tail -10 downloaded_tweets_extend_original_nolf2.tsv|grep in_reply_to_user_id
  275  tail -10 downloaded_tweets_extend_original_nolf2.tsv|cut -f 6
  276  grep type  downloaded_tweets_extend_original_nolf2.tsv|head -10
  277  grep type  downloaded_tweets_extend_original_nolf2.tsv|head -20
  278  grep type  downloaded_tweets_extend_original_nolf2.tsv|tail -20
  279  cat downloaded_tweets_extend_original_nolf2.tsv|grep retweeted|awk -F'\t' '$6!=""'|cut -f 6,2|awk ' { t = $1; $1 = $2; $2 = t; print; } '|sort|awk '$1!=$2{print $1,$2}'|tail -30
  280  cat downloaded_tweets_extend_original_nolf2.tsv|grep retweeted|awk -F'\t' '$6!=""'|cut -f 6,2|awk ' { t = $1; $1 = $2; $2 = t; print; } '|sort|awk '$1!=$2{print $1,$2}'
  281  grep retweeted downloaded_tweets_extend_original_nolf2.tsv
  282  grep type=retweeted downloaded_tweets_extend_original_nolf2.tsv
  283  cat downloaded_tweets_extend_nolf2.tsv |grep retweeted|awk -F'\t' '$6!=""'|cut -f 6,2|awk ' { t = $1; $1 = $2; $2 = t; print; } '|sort|awk '$1!=$2{print $1,$2}'|tail -30
  284  grep type=retweeted downloaded_tweets_extend_nolf2.tsv
  285  grep type=retweeted downloaded_tweets_extend_original_nolf2.tsv
  286  cat downloaded_tweets_extend_original_nolf2.tsv|grep replied_to|awk -F'\t' '$6!=""'|cut -f 6,2|awk ' { t = $1; $1 = $2; $2 = t; print; } '|sort|awk '$1!=$2{print $1,$2}'|tail -30
  287  cat downloaded_tweets_extend_original_nolf2.tsv|grep retweeted|awk -F'\t' '$6!=""'|cut -f 6,2|awk ' { t = $1; $1 = $2; $2 = t; print; } '|sort|awk '$1!=$2{print $1,$2}'|tail -30
  288  cat downloaded_tweets_extend_original_nolf2.tsv|grep retweeted|awk -F'\t' '$6!=""'|cut -f 6,2|awk ' { t = $1; $1 = $2; $2 = t; print; } '|sort|awk '$1!=$2{print $1,$2}'
  289  grep downloaded_tweets_extend_original_nolf2.tsv
  290  grep 1477862777796636679 downloaded_tweets_extend_original_nolf2.tsv
  291  grep 26824556  downloaded_tweets_extend_original_nolf2.tsv
  292  cat downloaded_tweets_extend_original_nolf2.tsv|grep retweeted
  293  cat downloaded_tweets_extend_nolf2.tsv|grep retweeted
  294  cat downloaded_tweets_extend_nolf2.tsv|grep retweeted|awk -F'\t' '$6!=""'
  295  cat downloaded_tweets_extend_nolf2.tsv|grep retweeted|awk -F'\t' '$6!=""'|cut -f 6,2
  296  cat downloaded_tweets_extend_nolf2.tsv|grep retweeted|awk -F'\t' '$6!=""'|head -10
  297  cat downloaded_tweets_extend_nolf2.tsv|grep retweeted|awk -F'\t' '$6!=""'|wc -l
  298  cat downloaded_tweets_extend_nolf2.tsv|grep retweeted|awk -F'\t' '$6!=""'
  299  cat downloaded_tweets_extend_nolf2.tsv|grep retweeted
  300  cat downloaded_tweets_extend_original_nolf2.tsv|grep replied_to|awk -F'\t' '$6!=""'|cut -f 6,2|awk ' { t = $1; $1 = $2; $2 = t; print; } '|sort|awk '$1!=$2{print $1,$2}'|wc -l
  301  cat downloaded_tweets_extend_original_nolf2.tsv|grep replied_to|cut -f 6,2|awk ' { t = $1; $1 = $2; $2 = t; print; } '|sort|awk '$1!=$2{print $1,$2}'|wc -l
  302  cat downloaded_tweets_extend_original_nolf2.tsv|grep retweeted|wc -l
  303  cat downloaded_tweets_extend_nolf2.tsv|grep retweeted|wc -l
  304  cat downloaded_tweets_extend_nolf2.tsv|grep retweeted|cut -f 6|wc -l
  305  cat downloaded_tweets_extend_nolf2.tsv|grep retweeted|cut -f 6,2|wc -l
  306  cat downloaded_tweets_extend_nolf2.tsv|grep retweeted
  307  cat downloaded_tweets_extend_original_nolf2.tsv|grep replied_to|awk -F'\t' '$6!=""'|cut -f 6,2|awk ' { t = $1; $1 = $2; $2 = t; print; } '|sort|awk '$1!=$2{print $1,$2}'|wc =l
  308  cat downloaded_tweets_extend_original_nolf2.tsv|grep replied_to|awk -F'\t' '$6!=""'|cut -f 6,2|awk ' { t = $1; $1 = $2; $2 = t; print; } '|sort|awk '$1!=$2{print $1,$2}'|wc -l
  309  cat downloaded_tweets_extend_original_nolf2.tsv|grep replied_to|cut -f 6,2|awk ' { t = $1; $1 = $2; $2 = t; print; } '|sort|wc -l
  310  cat downloaded_tweets_extend_original_nolf2.tsv|grep replied_to|wc -l
  311  cat downloaded_tweets_extend_original_nolf2.tsv|grep replied_to|awk -F'\t' '$6!=""'|cut -f 6,2|awk ' { t = $1; $1 = $2; $2 = t; print; } '|sort|awk '$1=$2{print $1,$2}'|wc -l
  312  cat downloaded_tweets_extend_original_nolf2.tsv|grep replied_to|awk -F'\t' '$6!=""'|cut -f 6,2|awk ' { t = $1; $1 = $2; $2 = t; print; } '|sort|awk '$1!=$2{print $1,$2}'|wc -l
  313  cat downloaded_tweets_extend_nolf2.tsv|grep retweeted|cut -f 6,2|awk ' { t = $1; $1 = $2; $2 = t; print; } '|sort|awk '$1!=$2{print $1,$2}'|wc -l
  314  cat downloaded_tweets_extend_original_nolf2.tsv|grep replied_to||cut -f 6,2|awk ' { t = $1; $1 = $2; $2 = t; print; } '|sort|awk '$1!=$2{print $1,$2}'|wc -l
  315  cat downloaded_tweets_extend_original_nolf2.tsv|grep replied_to||cut -f 6,2|awk ' { t = $1; $1 = $2; $2 = t; print; } '|sort|wc -l
  316  cat downloaded_tweets_extend_original_nolf2.tsv|grep replied_to|wc -l
  317  cat downloaded_tweets_extend_nolf2.tsv|grep retweeted|wc -l
  318  cat downloaded_tweets_extend_nolf2.tsv|grep retweeted|cut -f 6|wc -l
  319  cat downloaded_tweets_extend_nolf2.tsv|grep retweeted|cut -f 6,2|wc -l
  320  cat downloaded_tweets_extend_nolf2.tsv|grep retweeted|cut -f 6,2
  321  cat downloaded_tweets_extend_original_nolf2.tsv|grep replied_to|cut -f 6,2
  322  cat downloaded_tweets_extend_nolf2.tsv|grep retweeted|cut -f 6,2
  323  grep 1261203450022359043 downloaded_tweets_extend_nolf2.tsv
  324  head downloaded_tweets_extend_nolf2.tsv
  325  cat downloaded_tweets_extend_nolf2.tsv|cut -f 6,2
  326  cat downloaded_tweets_extend_nolf2.tsv|grep retweeted|cut -f 6,2
  327  cat downloaded_tweets_extend_nolf2.tsv|cut -2,6
  328  cat downloaded_tweets_extend_nolf2.tsv|cut -f 2,6
  329  cat downloaded_tweets_extend_nolf2.tsv|grep retweeted|cut -f 2|wc -l
  330  cat downloaded_tweets_extend_nolf2.tsv|grep retweeted|cut -f 2
  331  cat downloaded_tweets_extend_nolf2.tsv|grep retweeted|cut -f 2,6
  332  cat downloaded_tweets_extend_nolf2.tsv|grep retweeted|cut -f 6
  333  cat downloaded_tweets_extend_nolf2.tsv|grep retweeted|tail -10
  334  cat downloaded_tweets_extend_nolf2.tsv|grep retweeted|cut -f 2|wc -l
  335  cat downloaded_tweets_extend_nolf2.tsv|grep retweeted|cut -f 6|wc -l
  336  cat downloaded_tweets_extend_nolf2.tsv|grep retweeted|cut -f 6|tail -10
  337  cat downloaded_tweets_extend_nolf2.tsv|grep retweeted|head -10
  338  cat downloaded_tweets_extend_nolf2.tsv|head 50
  339  cat downloaded_tweets_extend_nolf2.tsv|head -5
  340  cat downloaded_tweets_extend_nolf2.tsv|cut -f 6|head -5
  341  cat downloaded_tweets_extend_nolf2.tsv|grep retweeted|cut -f 6|head -5
  342  cat downloaded_tweets_extend_nolf2.tsv|grep retweeted|head -5
  343  cat downloaded_tweets_extend_nolf2.tsv|grep replied_to|cut -f 6|head -5
  344  cat downloaded_tweets_extend_nolf2.tsv|grep type=retweeted|cut -f 6|head -5
  345  cat downloaded_tweets_extend_nolf2.tsv|grep replied_to|head -5
  346  cat downloaded_tweets_extend_nolf2.tsv|grep type=retweeted|cut -f 6,2|head -5
  347  cat downloaded_tweets_extend_nolf2.tsv|grep replied_to|cut -f 6,2|head -5
  348  cat downloaded_tweets_extend_nolf2.tsv|grep replied_to|cut -f 6,2|head -20
  349  cat downloaded_tweets_extend_nolf2.tsv|grep retweeted|cut -f 6,2|head -20
  350  cat downloaded_tweets_extend_nolf2.tsv|grep retweeted|cut -f 2|head -20
  351  cat downloaded_tweets_extend_nolf2.tsv|grep retweeted|head -20
  352  cat downloaded_tweets_extend_nolf2.tsv|cut -f 6|awk -F'\t' '$6!=""'|head -20
  353  cat downloaded_tweets_extend_nolf2.tsv|cut -f 6|head -20
  354  cat downloaded_tweets_extend_original_nolf2.tsv|awk -F'\t' '$6!=""'|cut -f 6|head -10
  355  cat downloaded_tweets_extend_nolf2.tsv|awk -F'\t' '$6!=""'|cut -f 6|head -20
  356  cat downloaded_tweets_extend_nolf2.tsv|grep type=retweeted|awk '{print $6}'|head -5
  357  cat downloaded_tweets_extend_nolf2.tsv|grep type=retweeted|awk '{print $6}'|head -20
  358  cat downloaded_tweets_extend_nolf2.tsv|grep type=retweeted|awk '{print $2,6}'|head -20
  359  cat downloaded_tweets_extend_nolf2.tsv|grep type=retweeted|awk '{print $2,$6}'|head -20
  360  cd ~/A4/
  361  cat downloaded_tweets_extend_original_nolf2.tsv|grep replied_to|cut -f 6,2||tail -30
  362  cat downloaded_tweets_extend_original_nolf2.tsv|grep replied_to|cut -f 6,2|awk ' { t = $1; $1 = $2; $2 = t; print; } '|sort|awk '$1!=$2{print $1,$2}'|tail -30
  363  cat downloaded_tweets_extend_nolf2.tsv|grep retweeted|cut -f 6,2|awk ' { t = $1; $1 = $2; $2 = t; print; } '|sort|awk '$1!=$2{print $1,$2}'|tail -30
  364  cat downloaded_tweets_extend_nolf2.tsv|grep retweeted|cut -f 6|sort -n|tail -30
  365  cat downloaded_tweets_extend_nolf2.tsv|grep retweeted|cut -f 6|sort |tail -30
  366  cd ~/A4/
  367  cat downloaded_tweets_extend_original_nolf2.tsv|grep replied_to|cut -f 6,2|awk ' { t = $1; $1 = $2; $2 = t; print; } '|sort|awk '$1!=$2{print $1,$2}'|tail -30
  368  cat downloaded_tweets_extend_nolf2.tsv|grep retweeted|cut -f 6,2|awk ' { t = $1; $1 = $2; $2 = t; print; } '|sort|awk '$1!=$2{print $1,$2}'|tail -30
  369  cat downloaded_tweets_extend_nolf2.tsv|grep retweeted|awk 'NR==5'|tail -30
  370  cat downloaded_tweets_extend_nolf2.tsv|grep retweeted|awk '{print $1,$2}'|tail -30
  371  cat downloaded_tweets_extend_nolf2.tsv|grep retweeted|awk '{print $6,$2}'|tail -30
  372  cat downloaded_tweets_extend_nolf2.tsv|awk '{print $6,$2}'|grep retweeted|tail -30
  373  cat downloaded_tweets_extend_nolf2.tsv|cut -f 6
  374  cat downloaded_tweets_extend_nolf2.tsv|grep replied_to
  375  cat downloaded_tweets_extend_nolf2.tsv|grep retweeted|cut -f 6
  376  cat downloaded_tweets_extend_nolf2.tsv|grep retweeted|cut -f 6|sort |tail -30
  377  cat downloaded_tweets_extend_nolf2.tsv|grep retweeted|cut -f 6,2|sort |tail -30
  378  cat downloaded_tweets_extend_nolf2.tsv|grep replied_to
  379  cat downloaded_tweets_extend_nolf2.tsv|grep replied_to|cut -f 6
  380  cat downloaded_tweets_extend_nolf2.tsv|grep replied_to|cut -f 6,2
  381  cat downloaded_tweets_extend_nolf2.tsv|grep retweeted|cut -f 6
  382  cat downloaded_tweets_extend_nolf2.tsv|grep retweeted|cut -f 6|tail -30
  383  cat downloaded_tweets_extend_nolf2.tsv|grep retweeted|cut -f 6
  384  cat downloaded_tweets_extend_nolf2.tsv|grep retweeted|awk '{print $6,$2}'|tail -30
  385  cat downloaded_tweets_extend_nolf2.tsv|grep retweeted|cut -f 6
  386  cat downloaded_tweets_extend_nolf2.tsv|grep retweeted|awk '{print $6}'|tail -30
  387  grep 1496485076586340355 downloaded_tweets_extend_nolf2.tsv
  388  grep retweeted downloaded_tweets_extend_original_nolf2.tsv
  389  grep type=retweeted downloaded_tweets_extend_original_nolf2.tsv
  390  grep type=retweeted downloaded_tweets_extend_nolf2.tsv|wc -l
  391  grep type=retweeted downloaded_tweets_extend_nolf2.tsv|cut -f 6
  392  grep type=retweeted downloaded_tweets_extend_nolf2.tsv
  393  cd ~/A4/
  394  cat downloaded_tweets_extend_nolf2.tsv|awk -F'\t' '$6!=""'|grep retweeted|cut -f 6
  395  grep 1478513193555218435
  396  grep 1478513193555218435 downloaded_tweets_extend_nolf2.tsv
  397  cat downloaded_tweets_extend_nolf2.tsv|grep retweeted|awk -F $'\t' '{print $6}'
  398  cd ~/A4/
  399  LS
  400  ls
  401  head -2 downloaded_tweets_extend_nolf2.tsv
  402  cat downloaded_tweets_extend_nolf2.tsv|grep retweeted|cut -f 5
  403  cat downloaded_tweets_extend_original_nolf2.tsv|grep replied_to|cut -f 5,2
  404  cat downloaded_tweets_extend_nolf2.tsv|grep retweeted|cut -f 5
  405  cat downloaded_tweets_extend_nolf2.tsv|grep retweeted|cut -f 5,2
  406  cat downloaded_tweets_extend_nolf2.tsv|grep retweeted|cut -f 5|tr -cd "[0-9]"
  407  cat downloaded_tweets_extend_nolf2.tsv|grep retweeted|cut -f 5|tr -d -c 0-9
  408  cat downloaded_tweets_extend_nolf2.tsv|grep retweeted|cut -f 5|tr '\n' ' ' | sed -e 's/[^0-9]/ /g' -e 's/^ *//g' -e 's/ *$//g' | tr -s ' ' | sed 's/ /\n/g'
  409  cat downloaded_tweets_extend_nolf2.tsv|grep retweeted|cut -f 5
  410  cat downloaded_tweets_extend_nolf2.tsv|grep retweeted|cut -f 5|tr '\n' ' ' | sed -e 's/[^0-9]/ /g' -e 's/^ *//g' -e 's/ *$//g' | tr -s ' ' | sed 's/ /\n
  411  cat downloaded_tweets_extend_nolf2.tsv|grep retweeted|cut -f 5,2|tr '\n' ' ' | sed -e 's/[^0-9]/ /g' -e 's/^ *//g' -e 's/ *$//g' | tr -s ' ' | sed 's/ /\n/g'
  412  cat downloaded_tweets_extend_nolf2.tsv|grep retweeted|cut -f 5,2|sed 's/[^0-9]//g'
  413  cat downloaded_tweets_extend_nolf2.tsv|grep retweeted|cut -f 5,2
  414  cat downloaded_tweets_extend_nolf2.tsv|grep retweeted|cut -f 5,2|tr -s ' ' | cut -d ' ' -f 2
  415  cat downloaded_tweets_extend_nolf2.tsv|grep retweeted|cut -f 5,2|tr -s ' ' | cut -d ' ' -f 2|sed 's/[^0-9]//g'
  416  cat downloaded_tweets_extend_nolf2.tsv|grep retweeted|cut -f 5,2|tr -s ' ' | cut -d ' ' -f 2|sed 's/[^0-9]//g'|wc 
  417  tmux new-session -s homework
  418  cd ~/A4/
  419  tmux attach -t homework
  420  cd ~/A3/
  421  ls
  422  history >cmds.log
  423  cat cmds.log
  424  cat downloaded_tweets_extend_nolf2.tsv|grep replied_to|cut -f 4|tr "[:upper:]" "[:lower:]"|sed 's/"//g'|tr ',' '\n'|sort|uniq -c|sort -n|tail -n 30 
  425  cat downloaded_tweets_extend_original_nolf2.tsv|grep replied_to|awk -F'\t' '$6!=""'|cut -f 6,2|awk ' { t = $1; $1 = $2; $2 = t; print; } '|sort|awk '$1!=$2{print $1}'|uniq -c|sort -n|awk '{ if ($1 >= 3) {print} }'
  426  cat cmds.log
  427  ls
  428  cat replies_data.tsv
  429  cat replies_data.tsv|uniq c
  430  cat replies_data.tsv|uniq -c
  431  cat replies_data.tsv|cut -f 1|uniq -c
  432  cat replies_data.tsv|cut -f 1
  433  cd ~/A4/
  434  tmux attach -t homework
  435  ls
  436  cd ~/A3/
  437  ls
  438  grep 1262925947877167107 users.retweeted.txt
  439  grep 1503477245112995846 downloaded_tweets_extend_original_nolf2.tsv
  440  cat retweets.txt|wc -l
  441  cat users.retweeted.txt|wc -l
  442  grep 1503477245112995846 users.retweeted.txt
  443   grep 1503477245112995846 retweets.txt
  444  grep 362611279 users.retweeted.txt
  445   grep retweeted downloaded_tweets_extend_nolf2.tsv|awk -F '\t' '{print $5,$2}'|sed 's/^.* id=//g'|sed 's/ type=retweeted.//g'
  446   grep retweeted downloaded_tweets_extend_nolf2.tsv|awk -F '\t' '{print $5,$2}'|sed 's/^.* id=//g'|sed 's/ type=retweeted.//g'|tail -1
  447  grep 1261203450022359043 downloaded_tweets_extend_nolf2.tsv
  448   grep retweeted downloaded_tweets_extend_nolf2.tsv|awk -F '\t' '{print $5,$2}'|sed 's/^.* id=//g'|sed 's/ type=retweeted.//g'|tail -1
  449  grep 1261203450022359043 downloaded_tweets_extend_nolf2.tsv|tail -1
  450  ls
  451  cat downloaded_tweets_extend_nolf2.tsv |cut -f 1|wc -l
  452  cat downloaded_tweets_extend_original_nolf2.tsv|cut -f 1|wc -l
  453   grep retweeted downloaded_tweets_extend_nolf2.tsv|awk -F '\t' '{print $5,$2}'|sed 's/^.* id=//g'|sed 's/ type=retweeted.//g'|tail -1
  454  fgrep -f retweets.txt downloaded_tweets_extend_original_nolf2.tsv|awk -F'\t' '{print $1,$2}'|tail -1
  455  fgrep -f retweets.txt downloaded_tweets_extend_original_nolf2.tsv|awk -F'\t' '{print $2,$1}'
  456  fgrep -f retweets.txt downloaded_tweets_extend_original_nolf2.tsv|awk -F'\t' '{print $2,$1}'|sort -n
  457  ls
  458  grep 1516523208681439232  downloaded_tweets_extend_original_nolf2.tsv
  459  fgrep -f retweets.txt downloaded_tweets_extend_original_nolf2.tsv|awk -F'\t' '{print $2,$1}'|sort -n|wc -l
  460  cat downloaded_tweets_extend_original_nolf2.tsv|wc -l
  461  cat downloaded_tweets_extend_original_nolf2.tsv|grep replied_to|awk -F'\t' '$6!=""'|cut -f 6,2|awk ' { t = $1; $1 = $2; $2 = t; print; } '|sort|awk '$1!=$2{print $1,$2}'|wc -l
  462  fgrep -f retweets.txt downloaded_tweets_extend_original_nolf2.tsv|awk -F'\t' '{print $2}'|wc -l
  463  cat retweets.txt|wc -l
  464  cat users.retweeted.txt|wc -l
  465  grep 18831926 downloaded_tweets_extend_original_nolf2.tsv|wc -l
  466  fgrep -f retweets.txt downloaded_tweets_extend_original_nolf2.tsv|awk -F'\t' '{print $2,$1}'|awk '$1!=$2{print $1,$2}'|sort -n
  467  fgrep -f retweets.txt downloaded_tweets_extend_original_nolf2.tsv|awk -F'\t' '{print $2,$1}'|awk '$1!=$2{print $1,$2}'|sort -n|wc -l
  468  fgrep -f retweets.txt downloaded_tweets_extend_original_nolf2.tsv|awk -F'\t' '{print $2,$1}'|awk '$1!=$2{print $1,$2}'|sort -n
  469  ls
  470   grep 2332033299 downloaded_tweets_extend_original_nolf2.tsv
  471  grep 2332033299 downloaded_tweets_extend_original_nolf2.tsv |tail -1
  472  grep 2332033299 downloaded_tweets_extend_original_nolf2.tsv
  473  grep 1519447636356522013 downloaded_tweets_extend_original_nolf2.tsv
  474  fgrep -f retweets.txt downloaded_tweets_extend_original_nolf2.tsv|awk -F'\t' '{print $1,$2}'|head -1
  475  fgrep -f retweets.txt downloaded_tweets_extend_original_nolf2.tsv|awk -F'\t' '{print $2,$1}'|head -1
  476  fgrep -f retweets.txt downloaded_tweets_extend_original_nolf2.tsv|awk -F'\t' '{print $2,$1}'|awk '$1!=$2{print $1}'|sort|uniq -c|sort -n|awk '{ if ($1 >= 3) {print} }'| wc -l
  477  sort users.retweeted.txt|uniq -c|sort -n|awk '{ if ($1 >= 3) {print} }'|wc -l
  478  sort users.retweeted.txt|uniq -c|sort -n|head -2
  479  fgrep -f retweets.txt downloaded_tweets_extend_original_nolf2.tsv|awk -F'\t' '{print $2,$1}'|awk '$1!=$2{print $1}'|sort|uniq -c|sort -n|head -2
  480  cat downloaded_tweets_extend_original_nolf2.tsv|grep replied_to|awk -F'\t' '$6!=""'|cut -f 6,2|awk ' { t = $1; $1 = $2; $2 = t; print; } '|sort|awk '$1!=$2{print $1}'|uniq -c|sort -n|awk '{ if ($1 >= 3) {print} }'|wc -l
  481  sort users.retweeted.txt|uniq -c|sort -n|awk '{ if ($1 >= 3) {print} }'|head -2
  482   sort users.retweeted.txt|uniq -c|sort -n|awk '{ if ($1 >= 3) {print} }'|awk '{print $1}'|head -2
  483  sort users.retweeted.txt|uniq -c|sort -n|awk '{ if ($1 >= 3) {print} }'|awk '{print $1}'|uniq -c| sort -n|wc -l
  484  sort users.retweeted.txt|uniq -c|sort -n|awk '{ if ($1 >= 3) {print} }'|awk '{print $1}'|uniq -c| sort -n
  485  sort users.retweeted.txt|uniq -c|sort -n|awk '{ if ($1 >= 3) {print} }'|awk '{print $1}'|uniq -c| sort -n -r
  486  sort users.retweeted.txt|uniq -c|sort -n|awk '{ if ($1 >= 3) {print} }'|awk '{print $1}'|uniq -c| sort -n -r|awk ' { t = $1; $1 = $2; $2 = t; print; } '
  487  grep retweeted downloaded_tweets_extend_nolf2.tsv| |cut -f 4
  488  grep retweeted downloaded_tweets_extend_nolf2.tsv|cut -f 4
  489  grep retweeted downloaded_tweets_extend_nolf2.tsv|cut -f 4|tr "[:upper:]" "[:lower:]"|sed 's/"//g'|tr ',' '\n'|sort|uniq -c|sort -n|tail -n 30
  490  grep retweeted downloaded_tweets_extend_nolf2.tsv|cut -f 4|awk -F'\t' '$4!=""'
  491  grep retweeted downloaded_tweets_extend_nolf2.tsv|cut -f 4|sed '/^[[:blank:]]*$/d'
  492  |tr "[:upper:]" "[:lower:]"|sed 's/"//g'|tr ',' '\n'|sort|uniq -c|sort -n|
  493  grep retweeted downloaded_tweets_extend_nolf2.tsv|cut -f 4|sed '/^[[:blank:]]*$/d'
  494  |tr "[:upper:]" "[:lower:]"|sed 's/"//g'|tr ',' '\n'|sort|uniq -c|sort -n
  495  grep retweeted downloaded_tweets_extend_nolf2.tsv|cut -f 4|sed '/^[[:blank:]]*$/d'
  496  |tr "[:upper:]" "[:lower:]"|
  497  grep retweeted downloaded_tweets_extend_nolf2.tsv|cut -f 4|sed '/^[[:blank:]]*$/d'
  498  |tr "[:upper:]" "[:lower:]"
  499  grep retweeted downloaded_tweets_extend_nolf2.tsv|cut -f 4|sed '/^[[:blank:]]*$/d'
  500  grep retweeted downloaded_tweets_extend_nolf2.tsv|cut -f 4|sed '/^[[:blank:]]*$/d'|tr "[:upper:]" "[:lower:]"
  501  grep retweeted downloaded_tweets_extend_nolf2.tsv|cut -f 4|sed '/^[[:blank:]]*$/d'|tr "[:upper:]" "[:lower:]"|sed 's/"//g'
  502  grep retweeted downloaded_tweets_extend_nolf2.tsv|cut -f 4|sed '/^[[:blank:]]*$/d'|tr "[:upper:]" "[:lower:]"|sed 's/"//g'|sort|uniq -c|sort -n
  503  ls
  504  vi cmds.log
  505  cat cmds.log
  506  grep retweeted downloaded_tweets_extend_nolf2.tsv|cut -f 4|sed '/^[[:blank:]]*$/d'|tr "[:upper:]" "[:lower:]"|sed 's/"//g'|sort|uniq -c|sort -n
  507  cat downloaded_tweets_extend_nolf2.tsv |awk -F'\t' '$4!=""'|cut -f 4|tr "[:upper:]" "[:lower:]"| sed 's/"//g'|tr ',' '\n'|sort|uniq -c|sort -n|tail -n 30
  508  grep retweeted downloaded_tweets_extend_nolf2.tsv|cut -f 4|sed '/^[[:blank:]]*$/d'|tr "[:upper:]" "[:lower:]"|sed 's/"//g'|sort|uniq -c|sort -n|tail -30 >test4.txt
  509  cat test4.txt
  510  cat cmds.log
  511  cat test4.txt|cut -f 2 >test44.txt
  512  cat test44.txt
  513  cat test4.txt|awk '{print $2}'
  514  cat test4.txt|awk '{print $2}'> test44.txt
  515  cat assignment22.txt
  516  diff assignment22.txt
  517  diff assignment22.txt test44.txt
  518  fgrep -f retweets.txt downloaded_tweets_extend_original_nolf2.tsv|awk -F'\t' '{print $2,$1}'|awk '$1!=$2{print $1,$2}'|sort -n
  519  cat downloaded_tweets_extend_nolf2.tsv |awk -F'\t' '$4!=""'|cut -f 4|tr "[:upper:]" "[:lower:]"| sed 's/"//g'|tr ',' '\n'|sort|uniq -c|sort -n|awk '{print $2}'|tail -n 30 
  520  grep retweeted downloaded_tweets_extend_nolf2.tsv|cut -f 4|sed '/^[[:blank:]]*$/d'|tr "[:upper:]" "[:lower:]"|sed 's/"//g'|sort|uniq -c|sort -n|awk '{print $2}'|tail -30
  521  grep retweeted downloaded_tweets_extend_nolf2.tsv|awk -F '\t' '{print $5}'|sed 's/^.* id=//g'|sed 's/ type=retweeted.//g' > retweets.txt
  522  fgrep -f retweets.txt downloaded_tweets_extend_original_nolf2.tsv|awk -F'\t' '{print $2}' > users.retweeted.txt
  523  sort users.retweeted.txt|uniq -c|sort -n|tail -10
  524  fgrep -f retweets.txt downloaded_tweets_extend_original_nolf2.tsv|awk -F'\t' '{print $2,$1}'|awk '$1!=$2{print $1,$2}'|sort -n
  525  sort users.retweeted.txt|uniq -c|sort -n|awk '{ if ($1 >= 3) {print} }'|awk '{print $1}'|uniq -c| sort -n -r|awk ' { t = $1; $1 = $2; $2 = t; print; } '
  526  cat downloaded_tweets_extend_nolf2.tsv |awk -F'\t' '$4!=""'|cut -f 4|tr "[:upper:]" "[:lower:]"| sed 's/"//g'|tr ',' '\n'|sort|uniq -c|sort -n|awk '{print $2}'|tail -n 30 > assignment2.txt
  527  grep retweeted downloaded_tweets_extend_nolf2.tsv|cut -f 4|sed '/^[[:blank:]]*$/d'|tr "[:upper:]" "[:lower:]"|sed 's/"//g'|sort|uniq -c|sort -n|awk '{print $2}'|tail -30 >assignment4.txt
  528  diff assignment2.txt assignment4.txt
  529  cd ~/A3/
  530  ls
  531  grep retweeted downloaded_tweets_extend_nolf2.tsv|awk -F '\t' '{print $5}'|sed 's/^.* id=//g'|sed 's/ type=retweeted.//g'
  532  ls
  533  fgrep -f grep retweeted downloaded_tweets_extend_nolf2.tsv|awk -F '\t' '{print $5}'|sed 's/^.* id=//g'|sed 's/ type=retweeted.//g' > retweets.txt
  534  grep retweeted downloaded_tweets_extend_nolf2.tsv|awk -F '\t' '{print $5}'|sed 's/^.* id=//g'|sed 's/ type=retweeted.//g' > retweets.txt
  535  fgrep -f retweets.txt downloaded_tweets_extend_nolf2.tsv
  536  ls
  537  fgrep -f retweets.txt downloaded_tweets_extend_original_nolf2.tsv
  538  fgrep -f retweets.txt downloaded_tweets_extend_original_nolf2.tsv|awk -F'\t' '{print $2}' 
  539  fgrep -f retweets.txt downloaded_tweets_extend_original_nolf2.tsv|awk -F'\t' '{print $2}' > users.retweeted.txt
  540  sort users.retweeted.txt|uniq -c|sort -n
  541  sort users.retweeted.txt|uniq -c|sort -n -r
  542  grep 1000005001 downloaded_tweets_extend_original_nolf2.tsv
  543  grep 1000005001 downloaded_tweets_extend_nolf2.tsv
  544  fgrep -f retweets.txt downloaded_tweets_extend_original_nolf2.tsv
  545  grep 977887540119265283 downloaded_tweets_extend_nolf2.tsv
  546  ls
  547  cat users.retweeted.txt
  548  fgrep -f retweets.txt downloaded_tweets_extend_original_nolf2.tsv
  549  ls
  550  grep users.retweeted.txt downloaded_tweets_extend_original_nolf2.tsv
  551  grep 299230774 downloaded_tweets_extend_original_nolf2.tsv
  552  paste users.retweeted.txt retweets.txt
  553  ls
  554  cat retweets.txt|wc -l
  555  cat users.retweeted.txt|wc -l
  556  ls
  557  head -1 downloaded_tweets_extend_nolf2.tsv   
  558  head -1 downloaded_tweets_extend_original_nolf2.tsv
  559  grep 870244616003403781 downloaded_tweets_extend_nolf2.tsv 
  560  ls
  561  grep 1477275414984859652 downloaded_tweets_extend_nolf2.tsv 
  562  grep 1477275414984859652 downloaded_tweets_extend_original_nolf2.tsv
  563  cd ~/A4/
  564  tmux attach -t homework
  565  cd ~/A4/
  566  tmux attach -t homework
  567  cd ~/A4/
  568  vi a4.txt
  569  cat a4.txt
  570  pwd
  571  ls
  572  cat a4.png
  573  cd ~/A3/
  574  fgrep -f retweets.txt downloaded_tweets_extend_original_nolf2.tsv|awk -F'\t' '{print $2,$1}'|awk '$1!=$2{print $1,$2}'|sort -n
  575  fgrep -f retweets.txt downloaded_tweets_extend_original_nolf2.tsv|awk -F'\t' '{print $2,$1}'|awk '$1!=$2{print $1,$2}'|sort -n -r
  576  sort users.retweeted.txt|uniq -c|sort -n|awk '{ if ($1 >= 3) {print} }'|awk '{print $1}'|uniq -c| sort -n -r|awk ' { t = $1; $1 = $2; $2 = t; print; } '
  577  cat downloaded_tweets_extend_nolf2.tsv |awk -F'\t' '$4!=""'|cut -f 4|tr "[:upper:]" "[:lower:]"| sed 's/"//g'|tr ',' '\n'|sort|uniq -c|sort -n|awk '{print $2}'|tail -n 30 > assignment2.txt
  578  grep retweeted downloaded_tweets_extend_nolf2.tsv|cut -f 4|sed '/^[[:blank:]]*$/d'|tr "[:upper:]" "[:lower:]"|sed 's/"//g'|sort|uniq -c|sort -n|awk '{print $2}'|tail -30 >assignment4.txt
  579  diff assignment2.txt assignment4.txt
  580  cat a3.txt
  581  cd ~/A4/
  582  vi a4.txt
  583  cat a4.txt
  584  ls
  585  git init
  586  git add a4.txt 
  587  git add a4.png  
  588  git add replied.png
  589  git add retweets.png
  590  git commit -m "first commit"
  591  git branch -M main
  592  git remote add origin https://github.com/GGGGMMMM/a4.git
  593  git push -u origin main
  594  cs ~/A3/
  595  cd ~/A3/
  596  ls
  597  rm test44.txt
  598  rm test4.txt
  599  rm users.retweeted.txt
  600  rm retweets.txt
  601  rm assignment4.txt
  602  ls
  603  cat a3.txt
  604  cd ~/A4/
  605  PWD
  606  pwd
  607  ls
  608  cat a4.txt
  609  ls
  610  sort users.retweeted.txt|uniq|wc
  611  grep 2885493519 downloaded_tweets_extend_nolf2.tsv  
  612  grep 2885493519 downloaded_tweets_extend_original_nolf2.tsv
  613  ls
  614  grep 1108565574 downloaded_tweets_extend_original_nolf2.tsv
  615   grep 0373836635 amazon_reviews_us_Books_v1_02.tsv|cut -f 14|tr -d , |tr -d '.'|tr -d ';'|sed 's/or//g'|sed 's/and//g'|sed 's/if//g'|sed 's/in//g'|sed 's/it//g'|sed 's/<[^>]*>//g'
  616   grep 0373836635 amazon_reviews_us_Books_v1_02.tsv|cut -f 14|tr -d , |tr -d '.'|tr -d ';'|sed 's/or//g'|sed 's/and//g'|sed 's/if//g'|sed 's/in//g'|sed 's/it//g'|sed 's/<[^>]*>//g'>product_ws7.txt
  617  cat product_ws7.txt
  618  ls
  619  head -1 amazon_reviews_us_Books_v1_02.tsv 
  620  head -5 amazon_reviews_us_Books_v1_02.tsv 
  621  grep 0373836635 amazon_reviews_us_Books_v1_02.tsv
  622  grep 0373836635 amazon_reviews_us_Books_v1_02.tsv|cut -f 14
  623  grep 0373836635 amazon_reviews_us_Books_v1_02.tsv|cut -f 14|sed "s/.//g"|sed "s/,//g"|sed "s/;//g"
  624  grep 0373836635 amazon_reviews_us_Books_v1_02.tsv|cut -f 14|sed "s/.//g"
  625  grep 0373836635 amazon_reviews_us_Books_v1_02.tsv|cut -f 14|tr -d , 
  626  grep 0373836635 amazon_reviews_us_Books_v1_02.tsv|cut -f 14|tr -d , |tr -d ;
  627  grep 0373836635 amazon_reviews_us_Books_v1_02.tsv|cut -f 14|tr -d , |tr -d '.'
  628  grep 0373836635 amazon_reviews_us_Books_v1_02.tsv|cut -f 14|tr -d , |tr -d '.'|sed 's/;\+$//'
  629  grep 0373836635 amazon_reviews_us_Books_v1_02.tsv|cut -f 14|tr -d , |tr -d '.'|sed -r 's/;+$//'
  630  grep 0373836635 amazon_reviews_us_Books_v1_02.tsv|cut -f 14|tr -d , |tr -d '.'|tr -d ';'
  631  grep 0373836635 amazon_reviews_us_Books_v1_02.tsv|cut -f 14|tr -d , |tr -d '.'|tr -d ';'|sed 's/she//g'
  632  grep 0373836635 amazon_reviews_us_Books_v1_02.tsv|cut -f 14|tr -d , |tr -d '.'|tr -d ';'|sed 's/or//g'|sed 's/and//g'|
  633  grep 0373836635 amazon_reviews_us_Books_v1_02.tsv|cut -f 14|tr -d , |tr -d '.'|tr -d ';'|sed 's/or//g'|sed 's/and//g'
  634  grep 0373836635 amazon_reviews_us_Books_v1_02.tsv|cut -f 14|tr -d , |tr -d '.'|tr -d ';'|sed 's/or//g'|sed 's/and//g'|sed 's/if//g'|sed 's/in//g'|sed 's/it//g'
  635  grep 0373836635 amazon_reviews_us_Books_v1_02.tsv|cut -f 14|tr -d , |tr -d '.'|tr -d ';'|sed 's/or//g'|sed 's/and//g'|sed 's/if//g'|sed 's/in//g'|sed 's/it//g'|sed -e 's/<br />//g'
  636  grep 0373836635 amazon_reviews_us_Books_v1_02.tsv|cut -f 14|tr -d , |tr -d '.'|tr -d ';'|sed 's/or//g'|sed 's/and//g'|sed 's/if//g'|sed 's/in//g'|sed 's/it//g'|sed  's/<br />//g'
  637  grep 0373836635 amazon_reviews_us_Books_v1_02.tsv|cut -f 14|tr -d , |tr -d '.'|tr -d ';'|sed 's/or//g'|sed 's/and//g'|sed 's/if//g'|sed 's/in//g'|sed 's/it//g'|sed 's/<br />//g'
  638  grep 0373836635 amazon_reviews_us_Books_v1_02.tsv|cut -f 14|tr -d , |tr -d '.'|tr -d ';'|sed 's/or//g'|sed 's/and//g'|sed 's/if//g'|sed 's/in//g'|sed 's/it//g'
  639  grep 0373836635 amazon_reviews_us_Books_v1_02.tsv|cut -f 14|tr -d , |tr -d '.'|tr -d ';'|sed 's/or//g'|sed 's/and//g'|sed 's/if//g'|sed 's/in//g'|sed 's/it//g'sed 's/<[^>]\+>//g'
  640  grep 0373836635 amazon_reviews_us_Books_v1_02.tsv|cut -f 14|tr -d , |tr -d '.'|tr -d ';'|sed 's/or//g'|sed 's/and//g'|sed 's/if//g'|sed 's/in//g'|sed 's/it//g'sed 's/<[^>]\+>//g'|sed 's/<[^>]\+>//g'
  641  grep 0373836635 amazon_reviews_us_Books_v1_02.tsv|cut -f 14|tr -d , |tr -d '.'|tr -d ';'|sed 's/or//g'|sed 's/and//g'|sed 's/if//g'|sed 's/in//g'|sed 's/it//g'sed 's/<[^>]\+>//g'|sed 's/<[^>]*>//g'
  642  grep 0373836635 amazon_reviews_us_Books_v1_02.tsv|cut -f 14|tr -d , |tr -d '.'|tr -d ';'|sed 's/or//g'|sed 's/and//g'|sed 's/if//g'|sed 's/in//g'|sed 's/it//g'sed 's/<[^>]\+>//g'
  643  grep 0373836635 amazon_reviews_us_Books_v1_02.tsv|cut -f 14|tr -d , |tr -d '.'|tr -d ';'|sed 's/or//g'|sed 's/and//g'|sed 's/if//g'|sed 's/in//g'|sed 's/it//g'|sed 's/<[^>]*>//g'
  644  touch product_ws7.txt
  645  grep 0373836635 amazon_reviews_us_Books_v1_02.tsv|cut -f 14|tr -d , |tr -d '.'|tr -d ';'|sed 's/or//g'|sed 's/and//g'|sed 's/if//g'|sed 's/in//g'|sed 's/it//g'|sed 's/<[^>]*>//g'
  646  grep 0373836635 amazon_reviews_us_Books_v1_02.tsv|cut -f 14|tr -d , |tr -d '.'|tr -d ';'|sed 's/or//g'|sed 's/and//g'|sed 's/if//g'|sed 's/in//g'|sed 's/it//g'|sed 's/<[^>]*>//g'>product_ws7.txt
  647  script ws7.txt
  648  history >cmds.log
  649  vi ws7.txt
  650  git init
  651  git add ws7.txt
  652  git add cmds.log
  653  git commit -m "first commit"
  654  git branch -M main
  655  git remote add origin https://github.com/GGGGMMMM/ws7.git
  656  git remote remove origin
  657  git remote add origin https://github.com/GGGGMMMM/ws7.git
  658  git push -u origin main
  659  cat amazon_reviews_us_Books_v1_02.tsv| cut -f 14| tr "[:upper:]" "[:lower:]"|awk '/verified/' > verified.txt
  660  cat amazon_reviews_us_Books_v1_02.tsv| cut -f 14| tr "[:upper:]" "[:lower:]"|awk '/unverified/' > unverified.txt
  661  function wordfrequency() {   awk '
  662       BEGIN { FS="[^a-zA-Z]+" } {
  663           for (i=1; i<=NF; i++) {
  664               word = tolower($i)
  665               words[word]++
  666           }
  667       }
  668       END {
  669           for (w in words)
  670                printf("%3d %s\n", words[w], w)
  671       } ' | sort -rn; }
  672  cat verified.txt| wordfrequency | head -10
  673  cat unverified.txt| wordfrequency | head -10
  674  ls
  675  cat amazon_reviews_us_Books_v1_02.tsv| cut -f 14| awk '/verified/'|head -1
  676  function wordfrequency() {   awk '
  677       BEGIN { FS="[^a-zA-Z]+" } {
  678           for (i=1; i<=NF; i++) {
  679               word = tolower($i)
  680               words[word]++
  681           }
  682       }
  683       END {
  684           for (w in words)
  685                printf("%3d %s\n", words[w], w)
  686       } ' | sort -rn; }
  687  ls
  688  cat amazon_reviews_us_Books_v1_02.tsv
  689  cat amazon_reviews_us_Books_v1_02.tsv|wordfrequency | head -10
  690  cat amazon_reviews_us_Books_v1_02.tsv| cut -f 14| awk '/verified/'|head -1
  691  grep VERIFIED amazon_reviews_us_Books_v1_02.tsv|head -1
  692  script ws8.txt
  693  histort > cmds.log
  694  history > cmds.log
  695  git init
  696  git add cmds.log
  697  git add ws8.txt
  698  git commit -m "first commit"
  699  git branch -M main
  700  git remote add origin https://github.com/GGGGMMMM/ws8.git
  701  git remote remove origin
  702  git remote add origin https://github.com/GGGGMMMM/ws8.git
  703  git push -u origin main
  704  vi ws8.txt
  705  ls
  706  head -2 amazon_reviews_us_Books_v1_02.tsv
  707  cat amazon_reviews_us_Books_v1_02.tsv| cut -f 14|awk '/verified/'
  708  cat amazon_reviews_us_Books_v1_02.tsv| cut -f 14|awk '/verified/'|head -1
  709  cat downloaded_hashtags_extend.csv|cut -d ',' -f1| uniq
  710  cat downloaded_hashtags_extend.csv|cut -d ',' -f1| uniq|wc -l
  711  ls
  712  cat amazon_reviews_us_Books_v1_02.tsv |sed -n 2
  713  cat amazon_reviews_us_Books_v1_02.tsv |sed -n 2p
  714  cat ws7.txt
  715  grep 0373836635 amazon_reviews_us_Books_v1_02.tsv|cut -f 14|tr -d , |tr -d '.'|tr -d ';'|sed /through/d
  716  grep 0373836635 amazon_reviews_us_Books_v1_02.tsv|cut -f 14|tr -d , |tr -d '.'|tr -d ';'|sed /though/d
  717  grep 0373836635 amazon_reviews_us_Books_v1_02.tsv|cut -f 14|tr -d , |tr -d '.'|tr -d ';'|sed /Though/d
  718  grep 0373836635 amazon_reviews_us_Books_v1_02.tsv|cut -f 14|tr -d , |tr -d '.'|tr -d ';'|sed /she/d
  719  grep 0373836635 amazon_reviews_us_Books_v1_02.tsv|cut -f 14|tr -d , |tr -d '.'|tr -d ';'|sed /Though/d
  720  grep 0373836635 amazon_reviews_us_Books_v1_02.tsv|cut -f 14|tr -d , |tr -d '.'|tr -d ';'|sed /though/d
  721  sed ‘/Dark/ d’ amazon_reviews_us_Books
  722  sed '/Dark/ d' amazon_reviews_us_Books
  723  ls
  724  sed '/Dark/ d' amazon_reviews_us_Books_v1_02.tsv
  725  sed '/Dark/ d' amazon_reviews_us_Books_v1_02.tsv|head -1
  726  Grep Dark amazon_reviews_us_Books_v1_02.tsv|ls
  727  awk '/ring/' amazon_reviews_us_Books_v1_02.tsv
  728  echo “Today is:” `date`
  729  #!/bin/bash 
  730     echo “Who am I talking to?” 
  731     read user_name
  732  echo “Hello $user_name” 
  733  echo 'Hello $user_name'
  734  typr rmdir
  735  type rmdir
  736  type cd
  737  find . -type f -name “*.log” | xargs sed -i 's/dat/DAT/g'
  738  find . -type f -name “*.log” -exec sed -i 's/dat/DAT/g' {} \;
  739  for number in 10 11 5; do     echo -n "$number "; done
  740  ls
  741  echo "*|"
  742  echo "*|"|sed 's/ *|/|/g'
  743  sed 's/ *|/|/g'
  744  rm ‘\n*’
  745  rm \n*
  746  rm \\n\*
  747  touch \n*
  748  rm ‘\n*’
  749  rm \n*
  750  $ touch \n*
  751  touch \n*
  752  rm \\n\*
  753  rm \n*
  754  touch \n*
  755  rm '\n*'
  756  ls
  757  rm \\n\*
  758  rm ‘\n*’
  759  rm '\n*'
  760  find . -type f -mtime -30 | xargs ls -l
  761  find / -type f -mtime -30 | xargs ls -l
  762  find . -type f -mtime -30 | xargs ls -l
  763  ls
  764  head -2 amazon_reviews_us_Books_v1_02.tsv   
  765  sed '2q' amazon_reviews_us_Books_v1_02.tsv   
  766  echo The average salary is \$1000
  767  echo “The averagemkdir ws9
  768  mkdir ~/A5/
  769  ls
  770  rm a 
  771  rmdir a 
  772  cd a
  773  ls
  774  rm downloaded_hashtags_extend.csv
  775  rm  FILE
  776  rm output.csv
  777  rm output.tx
  778  rm output.txt
  779  cd ~
  780  rmdir a
  781  rm ws2-1
  782  rmdir ws2-1
  783  cd ws2-1
  784  ls
  785  rm  count.txt
  786  rm cmds.log
  787  cd ~
  788  rmdir ws2-1
  789  cd ws2-1
  790  ls
  791  cd ~
  792  rmdir ws2-1
  793  cd worksheet1
  794  ls
  795  rm index.html
  796  rm cmds.log
  797  cd ~
  798  rmdir worksheet1
  799  head -200 amazon_reviews_us_Books_v1_02.tsv >fileinput.txt
  800  vi randomsample.sh
  801  chmod u+x randomsample.sh
  802  ./randomsample.sh
  803  vi randomsample.sh
  804  ./randomsample.sh
  805  vi randomsample.sh
  806  ./randomsample.sh
  807  ./randomsample.sh 30
  808  ./randomsample.sh 30 fileinput.txt
  809  vi randomsample.sh
  810  ./randomsample.sh 30 fileinput.txt
  811  vi randomsample.sh
  812  ./randomsample.sh 30 fileinput.txt
  813  vi randomsample.sh
  814  ./randomsample.sh 30 fileinput.txt
  815  ./randomsample.sh 30 fileinput
  816  ./randomsample.sh 30 50
  817  vi randomsample.sh
  818  ./randomsample.sh 200
  819  vi randomsample.sh
  820  ./randomsample.sh 200
  821  vi randomsample.sh
  822  ./randomsample.sh 200
  823  vi randomsample.sh
  824  ./randomsample.sh 200
  825  vi randomsample.sh
  826  ./randomsample.sh 200
  827  vi randomsample.sh
  828  ./randomsample.sh 200
  829  vi randomsample.sh
  830  ./randomsample.sh 200
  831  vi randomsample.sh
  832  ./randomsample.sh 200
  833  vi randomsample.sh
  834  ./randomsample.sh 200
  835  vi randomsample.sh
  836  ./randomsample.sh 200
  837  vi randomsample.sh
  838  ./randomsample.sh 200
  839  vi randomsample.sh
  840  ./randomsample.sh 200
  841  vi randomsample.sh
  842  ./randomsample.sh 200
  843  ./randomsample.sh 20
  844  vi randomsample.sh
  845  vi randomsample.sh
  846  ls
  847  ./randomsample.sh 5 fileinput.txt
  848  vi randomsample.sh
  849  wc -l fileinput.txt
  850  vi randomsample.sh
  851  ./randomsample.sh 5 fileinput.txt
  852  vi randomsample.sh
  853  ./randomsample.sh 5 fileinput.txt
  854  vi randomsample.sh
  855  ./randomsample.sh 5 fileinput.txt
  856  vi randomsample.sh
  857  ./randomsample.sh 5 fileinput.txt
  858  vi randomsample.sh
  859  wc -l $2|cut -f 1
  860  wc -l fileinput.txt
  861  wc -l fileinput.txt|cut -f 1
  862  wc -l fileinput.txt|awk '{print $1}'
  863  vi randomsample.sh
  864  ./randomsample.sh 5 fileinput.txt
  865  head -200 amazon_reviews_us_Books_v1_02.tsv >fileinput.txt 
  866  cat randomsample.sh
  867  echo $(($RANDOM % 100))
  868  ./randomsample.sh 77
  869  ./randomsample.sh 200
  870  ./randomsample.sh fileInput.txt
  871  ./randomsample.sh 77 fileinput.txt
  872  ./randomsample.sh 77 fileinput.txt|wc -l
  873  vi randomsample.sh
  874  ls
  875  rm worksheet1
  876  rmdir worksheet1
  877  cd t3
  878  ls
  879  rmdir t3
  880  cd ~
  881  rmdir t3
  882  rm t
  883  rmdir t
  884  rmdir t4
  885  rmdir trm
  886  rmdir trm3
  887  rmdir trm4
  888  rmdir b
  889  cd b
  890  ls
  891  rm  FILE
  892  rm downloaded_hashtags_extend.csv
  893  ls
  894  cd ~
  895  rmdir b
  896  ls
  897  cd A1test
  898  ls
  899  rm a1
  900  cd a1
  901  ls
  902  rm a1.txt,README.md
  903  rm a1.txt
  904  rm README.md
  905  cd A1test
  906  cd ~
  907  cd A1test
  908  ls
  909  rmdir a1
  910  cd a1
  911  ls
  912  empty a1
  913  cd ~
  914  cd A1test
  915  cd ~
  916  rmdir A1test
  917  cd A1test
  918  rmdir a1
  919  rm -r a1
  920  ls
  921  rm -rf a1
  922  ls
  923  cd ~
  924  rmdir A1test
  925  ls
  926  rm -rf worksheet1
  927  rm -rf ws1
  928  rm -rf ws2
  929  rm -rf ws2-1
  930  ls
  931  rm test1.txt
  932  rm test.txt
  933  rm amazon_reviews_us_Books_v1_02.tsv.gz 
  934  rm amazon_reviews_us_Books_v1_02.tsv.gz.1 
  935  rm 'n*'
  936  rm a3.txt
  937  rm wget-log
  938  ls
  939  rm t.txt 
  940  rm 1.txt
  941  ls
  942  mkdir ws9
  943  echo $(($RANDOM % 100))
  944  echo $RANDOM
  945  head -200 amazon_reviews_us_Books_v1_02.tsv >fileinput.txt
  946  ls
  947  rm fileinput.txt 
  948  cd ws9
  949  head -200 amazon_reviews_us_Books_v1_02.tsv >fileinput.txt
  950  cd ~
  951  rmdir ws9
  952  rm -rf ws9
  953  ls
  954  vi randomsample.sh”
  955  rm randomsample.sh”
  956  ls
  957  script ws9.txt
  958  rm ws9
  959  rm ws9.txt
  960  ./randomsample.sh 5 fileinput.txt
  961  ./randomsample.sh 5 fileinput.txt|wc -l
  962  ./randomsample.sh 5 fileinput.txt
  963  ./randomsample.sh 5 fileinput.txt|wc -l
  964  ./randomsample.sh 5 fileinput.txt
  965  ls
  966  cat fileinput.txt|wc -l
  967  head -200 fileinput.txt
  968  ls
  969  head -200 amazon_reviews_us_Books_v1_02.tsv >fileinput.txt 
  970  cat fileinput.txt |wc -l
  971  script ws9.txt
  972  vi ws9.txt
  973  history >cmds.log
  974  git init
  975  git add ws9.txt
  976  git add cmds.log
  977  git commit -m "first commit"
  978  git branch -M main
  979  git remote add origin https://github.com/GGGGMMMM/ws9.git
  980  git remote remove origin
  981  git remote add origin https://github.com/GGGGMMMM/ws9.git
  982  git push -u origin main
  983  ls
  984  vi numbers.sh
  985  ls
  986  vi numbers.sh
  987  ./numbers.sh
  988  chmod u+x numbers.sh
  989  ./numbers.sh
  990  pwd
  991  ls
  992  vi numbers.py
  993  time python3 numbers.py 
  994  cat ws9.txt
  995  cat randomsample.sh
  996  cat cmds.log
  997  ls
  998  head -2 amazon_reviews_us_Books_v1_02.tsv
  999  vi numbers.sh
 1000  ls
 1001  cat randomsample.sh
 1002  vi numbers.sh
 1003  ls
 1004  vi numbers.py 
 1005  vi numbers.sh
 1006  vi ws10.txt
 1007  cat ws10.txt
 1008  vi ws10.txt
 1009  git init
 1010  git add ws10.txt
 1011  git commit -m "first commit"
 1012  git branch -M main
 1013  git remote add origin https://github.com/GGGGMMMM/ws10.git
 1014  git remote remove origin
 1015  git remote add origin https://github.com/GGGGMMMM/ws10.git
 1016  git push -u origin main
 1017  git remote add origin https://github.com/GGGGMMMM/ws10.git
 1018  git push -u origin main
 1019  history >cmds.log
